  Tema78-Clasa Online-liste Generice.cpp
C:\Data\c++\TemeGit\Tema78-Clasa Online-liste Generice\Tema78-Clasa Online-liste Generice\Book.h(6,13): error C2011: 'Book': 'struct' type redefinition
C:\Data\c++\TemeGit\Tema78-Clasa Online-liste Generice\Tema78-Clasa Online-liste Generice\Book.h(6): message : see declaration of 'Book'
C:\Data\c++\TemeGit\Tema78-Clasa Online-liste Generice\Tema78-Clasa Online-liste Generice\Course.h(7,15): error C2011: 'Course': 'struct' type redefinition
C:\Data\c++\TemeGit\Tema78-Clasa Online-liste Generice\Tema78-Clasa Online-liste Generice\Course.h(7): message : see declaration of 'Course'
C:\Data\c++\TemeGit\Tema78-Clasa Online-liste Generice\Tema78-Clasa Online-liste Generice\Enrolment.h(6,18): error C2011: 'Enrolment': 'struct' type redefinition
C:\Data\c++\TemeGit\Tema78-Clasa Online-liste Generice\Tema78-Clasa Online-liste Generice\Enrolment.h(6): message : see declaration of 'Enrolment'
C:\Data\c++\TemeGit\Tema78-Clasa Online-liste Generice\Tema78-Clasa Online-liste Generice\Student.h(8,16): error C2011: 'Student': 'struct' type redefinition
C:\Data\c++\TemeGit\Tema78-Clasa Online-liste Generice\Tema78-Clasa Online-liste Generice\Student.h(8): message : see declaration of 'Student'
C:\Data\c++\TemeGit\Tema78-Clasa Online-liste Generice\Tema78-Clasa Online-liste Generice\Node.h(13,2): error C2953: 'Node': class template has already been defined
C:\Data\c++\TemeGit\Tema78-Clasa Online-liste Generice\Tema78-Clasa Online-liste Generice\Node.h(8): message : see declaration of 'Node'
C:\Data\c++\TemeGit\Tema78-Clasa Online-liste Generice\Tema78-Clasa Online-liste Generice\functii.h(165,2): error C2953: 'List': class template has already been defined
C:\Data\c++\TemeGit\Tema78-Clasa Online-liste Generice\Tema78-Clasa Online-liste Generice\functii.h(6): message : see declaration of 'List'
C:\Data\c++\TemeGit\Tema78-Clasa Online-liste Generice\Tema78-Clasa Online-liste Generice\Node.h(13,2): error C2953: 'Node': class template has already been defined
C:\Data\c++\TemeGit\Tema78-Clasa Online-liste Generice\Tema78-Clasa Online-liste Generice\Node.h(8): message : see declaration of 'Node'
C:\Data\c++\TemeGit\Tema78-Clasa Online-liste Generice\Tema78-Clasa Online-liste Generice\functii.h(165,2): error C2953: 'List': class template has already been defined
C:\Data\c++\TemeGit\Tema78-Clasa Online-liste Generice\Tema78-Clasa Online-liste Generice\functii.h(6): message : see declaration of 'List'
C:\Data\c++\TemeGit\Tema78-Clasa Online-liste Generice\Tema78-Clasa Online-liste Generice\Node.h(13,2): error C2953: 'Node': class template has already been defined
C:\Data\c++\TemeGit\Tema78-Clasa Online-liste Generice\Tema78-Clasa Online-liste Generice\Node.h(8): message : see declaration of 'Node'
C:\Data\c++\TemeGit\Tema78-Clasa Online-liste Generice\Tema78-Clasa Online-liste Generice\functii.h(165,2): error C2953: 'List': class template has already been defined
C:\Data\c++\TemeGit\Tema78-Clasa Online-liste Generice\Tema78-Clasa Online-liste Generice\functii.h(6): message : see declaration of 'List'
C:\Data\c++\TemeGit\Tema78-Clasa Online-liste Generice\Tema78-Clasa Online-liste Generice\Node.h(13,2): error C2953: 'Node': class template has already been defined
C:\Data\c++\TemeGit\Tema78-Clasa Online-liste Generice\Tema78-Clasa Online-liste Generice\Node.h(8): message : see declaration of 'Node'
C:\Data\c++\TemeGit\Tema78-Clasa Online-liste Generice\Tema78-Clasa Online-liste Generice\functii.h(165,2): error C2953: 'List': class template has already been defined
C:\Data\c++\TemeGit\Tema78-Clasa Online-liste Generice\Tema78-Clasa Online-liste Generice\functii.h(6): message : see declaration of 'List'
C:\Data\c++\TemeGit\Tema78-Clasa Online-liste Generice\Tema78-Clasa Online-liste Generice\ViewStudent.h(17,10): error C2079: 'ViewStudent::student' uses undefined struct 'Student'
C:\Data\c++\TemeGit\Tema78-Clasa Online-liste Generice\Tema78-Clasa Online-liste Generice\ViewStudent.h(19,2): error C2027: use of undefined type 'Student'
C:\Data\c++\TemeGit\Tema78-Clasa Online-liste Generice\Tema78-Clasa Online-liste Generice\Student.h(8): message : see declaration of 'Student'
C:\Data\c++\TemeGit\Tema78-Clasa Online-liste Generice\Tema78-Clasa Online-liste Generice\ViewStudent.h(19,13): error C2027: use of undefined type 'Student'
C:\Data\c++\TemeGit\Tema78-Clasa Online-liste Generice\Tema78-Clasa Online-liste Generice\Student.h(8): message : see declaration of 'Student'
C:\Data\c++\TemeGit\Tema78-Clasa Online-liste Generice\Tema78-Clasa Online-liste Generice\ViewStudent.h(19,13): error C2512: 'List': no appropriate default constructor available
C:\Data\c++\TemeGit\Tema78-Clasa Online-liste Generice\Tema78-Clasa Online-liste Generice\functii.h(6,8): message : see declaration of 'List'
C:\Data\c++\TemeGit\Tema78-Clasa Online-liste Generice\Tema78-Clasa Online-liste Generice\ViewStudent.h(21,13): error C2027: use of undefined type 'Student'
C:\Data\c++\TemeGit\Tema78-Clasa Online-liste Generice\Tema78-Clasa Online-liste Generice\Student.h(8): message : see declaration of 'Student'
C:\Data\c++\TemeGit\Tema78-Clasa Online-liste Generice\Tema78-Clasa Online-liste Generice\Tema78-Clasa Online-liste Generice.cpp(6,10): error C2079: 's' uses undefined struct 'Student'
C:\Data\c++\TemeGit\Tema78-Clasa Online-liste Generice\Tema78-Clasa Online-liste Generice\Tema78-Clasa Online-liste Generice.cpp(6,29): error C2440: 'initializing': cannot convert from 'initializer list' to 'int'
C:\Data\c++\TemeGit\Tema78-Clasa Online-liste Generice\Tema78-Clasa Online-liste Generice\Tema78-Clasa Online-liste Generice.cpp(6,11): message : The initializer contains too many elements
C:\Data\c++\TemeGit\Tema78-Clasa Online-liste Generice\Tema78-Clasa Online-liste Generice\Tema78-Clasa Online-liste Generice.cpp(8,17): error C2664: 'ViewStudent::ViewStudent(Student)': cannot convert argument 1 from 'int' to 'Student'
C:\Data\c++\TemeGit\Tema78-Clasa Online-liste Generice\Tema78-Clasa Online-liste Generice\Tema78-Clasa Online-liste Generice.cpp(8,17): message : use of undefined type 'Student'
C:\Data\c++\TemeGit\Tema78-Clasa Online-liste Generice\Tema78-Clasa Online-liste Generice\Student.h(8,8): message : see declaration of 'Student'
C:\Data\c++\TemeGit\Tema78-Clasa Online-liste Generice\Tema78-Clasa Online-liste Generice\ViewStudent.h(19,2): message : see declaration of 'ViewStudent::ViewStudent'
